--------------------------
Compile Program
--------------------------
javac TraceDebugMessages.java


--------------------------
Run Program
--------------------------
java -Djava.security.manager -Djava.security.debug=all TraceDebugMessages


--------------------------
Program Output
--------------------------


properties: reading security properties file: C:\j2sdk1.4.1\jre\lib\security\java.security
scl:  getPermissions ProtectionDomain  (file:/C:/export/home/jeffreyh/SCM_Workareas/IsrvWA/IsrvWS/JavaProgramming/classes/ <no certificates>)
 sun.misc.Launcher$AppClassLoader@92e78c
 <no principals>
 java.security.Permissions@f6a746 (
 (java.io.FilePermission \C:\export\home\jeffreyh\SCM_Workareas\IsrvWA\IsrvWS\JavaProgramming\classes\- read)
 (java.lang.RuntimePermission exitVM)
)


scl: 
policy: reading file:/C:/j2sdk1.4.1/jre/lib/security/java.policy
policy: Adding policy entry: 
policy:   signedBy null
policy:   codeBase file:C:/j2sdk1.4.1/jre/lib/ext/*
policy:   (java.security.AllPermission <all permissions> <all actions>)
policy:
policy: Adding policy entry: 
policy:   signedBy null
policy:   codeBase null
policy:   (java.lang.RuntimePermission stopThread)
policy:   (java.net.SocketPermission localhost:1024- listen,resolve)
policy:   (java.util.PropertyPermission java.version read)
policy:   (java.util.PropertyPermission java.vendor read)
policy:   (java.util.PropertyPermission java.vendor.url read)
policy:   (java.util.PropertyPermission java.class.version read)
policy:   (java.util.PropertyPermission os.name read)
policy:   (java.util.PropertyPermission os.version read)
policy:   (java.util.PropertyPermission os.arch read)
policy:   (java.util.PropertyPermission file.separator read)
policy:   (java.util.PropertyPermission path.separator read)
policy:   (java.util.PropertyPermission line.separator read)
policy:   (java.util.PropertyPermission java.specification.version read)
policy:   (java.util.PropertyPermission java.specification.vendor read)
policy:   (java.util.PropertyPermission java.specification.name read)
policy:   (java.util.PropertyPermission java.vm.specification.version read)
policy:   (java.util.PropertyPermission java.vm.specification.vendor read)
policy:   (java.util.PropertyPermission java.vm.specification.name read)
policy:   (java.util.PropertyPermission java.vm.version read)
policy:   (java.util.PropertyPermission java.vm.vendor read)
policy:   (java.util.PropertyPermission java.vm.name read)
policy:
policy: reading file:/C:/Documents%20and%20Settings/jeffreyh/.java.policy
policy: error parsing file:/C:/Documents%20and%20Settings/jeffreyh/.java.policy
policy: java.io.FileNotFoundException: C:\Documents and Settings\jeffreyh\.java.policy (The system cannot find the file specified)
java.io.FileNotFoundException: C:\Documents and Settings\jeffreyh\.java.policy (The system cannot find the file specified)
	at java.io.FileInputStream.open(Native Method)
	at java.io.FileInputStream.<init>(FileInputStream.java:103)
	at java.io.FileInputStream.<init>(FileInputStream.java:66)
	at sun.security.provider.PolicyFile.getInputStream(PolicyFile.java:644)
	at sun.security.provider.PolicyFile.init(PolicyFile.java:511)
	at sun.security.provider.PolicyFile.access$300(PolicyFile.java:243)
	at sun.security.provider.PolicyFile$1.run(PolicyFile.java:483)
	at java.security.AccessController.doPrivileged(Native Method)
	at sun.security.provider.PolicyFile.initPolicyFile(PolicyFile.java:409)
	at sun.security.provider.PolicyFile.initPolicyFile(PolicyFile.java:397)
	at sun.security.provider.PolicyFile.init(PolicyFile.java:382)
	at sun.security.provider.PolicyFile.<init>(PolicyFile.java:276)
	at sun.reflect.NativeConstructorAccessorImpl.newInstance0(Native Method)
	at sun.reflect.NativeConstructorAccessorImpl.newInstance(NativeConstructorAccessorImpl.java:39)
	at sun.reflect.DelegatingConstructorAccessorImpl.newInstance(DelegatingConstructorAccessorImpl.java:27)
	at java.lang.reflect.Constructor.newInstance(Constructor.java:274)
	at java.lang.Class.newInstance0(Class.java:306)
	at java.lang.Class.newInstance(Class.java:259)
	at java.security.Policy.getPolicyNoCheck(Policy.java:138)
	at java.security.ProtectionDomain.implies(ProtectionDomain.java:188)
	at java.security.AccessControlContext.checkPermission(AccessControlContext.java:255)
	at java.security.AccessController.checkPermission(AccessController.java:401)
	at java.lang.SecurityManager.checkPermission(SecurityManager.java:542)
	at java.lang.SecurityManager.checkWrite(SecurityManager.java:975)
	at java.io.File.createNewFile(File.java:826)
	at TraceDebugMessages.createFile(TraceDebugMessages.java:47)
	at TraceDebugMessages.main(TraceDebugMessages.java:87)
policy: getPermissions:
	PD CodeSource: (file:/C:/export/home/jeffreyh/SCM_Workareas/IsrvWA/IsrvWS/JavaProgramming/classes/ <no certificates>)
	PD ClassLoader: sun.misc.Launcher$AppClassLoader@92e78c
	PD Principals: <no principals>
java.lang.Exception: Stack trace
	at java.lang.Thread.dumpStack(Thread.java:1071)
	at java.security.AccessController.checkPermission(AccessController.java:391)
	at java.lang.SecurityManager.checkPermission(SecurityManager.java:542)
	at java.lang.SecurityManager.checkRead(SecurityManager.java:887)
	at java.io.File.isDirectory(File.java:698)
	at sun.net.www.ParseUtil.fileToEncodedURL(ParseUtil.java:208)
	at sun.security.provider.PolicyFile.canonicalizeCodebase(PolicyFile.java:1626)
	at sun.security.provider.PolicyFile.access$400(PolicyFile.java:243)
	at sun.security.provider.PolicyFile$3.run(PolicyFile.java:1067)
	at java.security.AccessController.doPrivileged(Native Method)
	at sun.security.provider.PolicyFile.getPermissions(PolicyFile.java:1063)
	at sun.security.provider.PolicyFile.getPermissions(PolicyFile.java:1013)
	at sun.security.provider.PolicyFile.implies(PolicyFile.java:965)
	at java.security.ProtectionDomain.implies(ProtectionDomain.java:188)
	at java.security.AccessControlContext.checkPermission(AccessControlContext.java:255)
	at java.security.AccessController.checkPermission(AccessController.java:401)
	at java.lang.SecurityManager.checkPermission(SecurityManager.java:542)
	at java.lang.SecurityManager.checkWrite(SecurityManager.java:975)
	at java.io.File.createNewFile(File.java:826)
	at TraceDebugMessages.createFile(TraceDebugMessages.java:47)
	at TraceDebugMessages.main(TraceDebugMessages.java:87)
access: domain (context is null)
access: access allowed (java.io.FilePermission C:\export\home\jeffreyh\SCM_Workareas\IsrvWA\IsrvWS\JavaProgramming\classes read)
policy: evaluate codesources:
	Policy CodeSource: (file:/C:/j2sdk1.4.1/jre/lib/ext/* <no certificates>)
	Active CodeSource: (file:/C:/export/home/jeffreyh/SCM_Workareas/IsrvWA/IsrvWS/JavaProgramming/classes/ <no certificates>)
policy: evaluation (codesource) failed
policy: evaluate codesources:
	Policy CodeSource: (null <no certificates>)
	Active CodeSource: (file:/C:/export/home/jeffreyh/SCM_Workareas/IsrvWA/IsrvWS/JavaProgramming/classes/ <no certificates>)
policy: evaluate principals:
	Policy Principals: []
	Active Principals: []
policy: evaluation (codesource/principals) passed
policy:   granting (java.lang.RuntimePermission stopThread)
policy:   granting (java.net.SocketPermission localhost:1024- listen,resolve)
policy:   granting (java.util.PropertyPermission java.version read)
policy:   granting (java.util.PropertyPermission java.vendor read)
policy:   granting (java.util.PropertyPermission java.vendor.url read)
policy:   granting (java.util.PropertyPermission java.class.version read)
policy:   granting (java.util.PropertyPermission os.name read)
policy:   granting (java.util.PropertyPermission os.version read)
policy:   granting (java.util.PropertyPermission os.arch read)
policy:   granting (java.util.PropertyPermission file.separator read)
policy:   granting (java.util.PropertyPermission path.separator read)
policy:   granting (java.util.PropertyPermission line.separator read)
policy:   granting (java.util.PropertyPermission java.specification.version read)
policy:   granting (java.util.PropertyPermission java.specification.vendor read)
policy:   granting (java.util.PropertyPermission java.specification.name read)
policy:   granting (java.util.PropertyPermission java.vm.specification.version read)
policy:   granting (java.util.PropertyPermission java.vm.specification.vendor read)
policy:   granting (java.util.PropertyPermission java.vm.specification.name read)
policy:   granting (java.util.PropertyPermission java.vm.version read)
policy:   granting (java.util.PropertyPermission java.vm.vendor read)
policy:   granting (java.util.PropertyPermission java.vm.name read)
access: access denied (java.io.FilePermission testFile.txt write)
java.lang.Exception: Stack trace
	at java.lang.Thread.dumpStack(Thread.java:1071)
	at java.security.AccessControlContext.checkPermission(AccessControlContext.java:259)
	at java.security.AccessController.checkPermission(AccessController.java:401)
	at java.lang.SecurityManager.checkPermission(SecurityManager.java:542)
	at java.lang.SecurityManager.checkWrite(SecurityManager.java:975)
	at java.io.File.createNewFile(File.java:826)
	at TraceDebugMessages.createFile(TraceDebugMessages.java:47)
	at TraceDebugMessages.main(TraceDebugMessages.java:87)
java.lang.Exception: Stack trace
	at java.lang.Thread.dumpStack(Thread.java:1071)
	at java.security.AccessController.checkPermission(AccessController.java:391)
	at java.lang.SecurityManager.checkPermission(SecurityManager.java:542)
	at java.lang.SecurityManager.checkPropertyAccess(SecurityManager.java:1291)
	at java.lang.System.getProperty(System.java:572)
	at sun.security.action.GetPropertyAction.run(GetPropertyAction.java:66)
	at java.security.AccessController.doPrivileged(Native Method)
	at java.security.ProtectionDomain.seeAllp(ProtectionDomain.java:233)
	at java.security.ProtectionDomain.toString(ProtectionDomain.java:219)
	at java.lang.String.valueOf(String.java:2177)
	at java.lang.StringBuffer.append(StringBuffer.java:361)
	at java.security.AccessControlContext$1.run(AccessControlContext.java:264)
	at java.security.AccessController.doPrivileged(Native Method)
	at java.security.AccessControlContext.checkPermission(AccessControlContext.java:262)
	at java.security.AccessController.checkPermission(AccessController.java:401)
	at java.lang.SecurityManager.checkPermission(SecurityManager.java:542)
	at java.lang.SecurityManager.checkWrite(SecurityManager.java:975)
	at java.io.File.createNewFile(File.java:826)
	at TraceDebugMessages.createFile(TraceDebugMessages.java:47)
	at TraceDebugMessages.main(TraceDebugMessages.java:87)
access: domain (context is null)
access: access allowed (java.util.PropertyPermission java.security.debug read)
policy: getPermissions:
	PD CodeSource: (file:/C:/export/home/jeffreyh/SCM_Workareas/IsrvWA/IsrvWS/JavaProgramming/classes/ <no certificates>)
	PD ClassLoader: sun.misc.Launcher$AppClassLoader@92e78c
	PD Principals: <no principals>
java.lang.Exception: Stack trace
	at java.lang.Thread.dumpStack(Thread.java:1071)
	at java.security.AccessController.checkPermission(AccessController.java:391)
	at java.lang.SecurityManager.checkPermission(SecurityManager.java:542)
	at java.lang.SecurityManager.checkRead(SecurityManager.java:887)
	at java.io.File.isDirectory(File.java:698)
	at sun.net.www.ParseUtil.fileToEncodedURL(ParseUtil.java:208)
	at sun.security.provider.PolicyFile.canonicalizeCodebase(PolicyFile.java:1626)
	at sun.security.provider.PolicyFile.access$400(PolicyFile.java:243)
	at sun.security.provider.PolicyFile$3.run(PolicyFile.java:1067)
	at java.security.AccessController.doPrivileged(Native Method)
	at sun.security.provider.PolicyFile.getPermissions(PolicyFile.java:1063)
	at sun.security.provider.PolicyFile.getPermissions(PolicyFile.java:1013)
	at java.security.ProtectionDomain$1.run(ProtectionDomain.java:260)
	at java.security.AccessController.doPrivileged(Native Method)
	at java.security.ProtectionDomain.mergePermissions(ProtectionDomain.java:255)
	at java.security.ProtectionDomain.toString(ProtectionDomain.java:219)
	at java.lang.String.valueOf(String.java:2177)
	at java.lang.StringBuffer.append(StringBuffer.java:361)
	at java.security.AccessControlContext$1.run(AccessControlContext.java:264)
	at java.security.AccessController.doPrivileged(Native Method)
	at java.security.AccessControlContext.checkPermission(AccessControlContext.java:262)
	at java.security.AccessController.checkPermission(AccessController.java:401)
	at java.lang.SecurityManager.checkPermission(SecurityManager.java:542)
	at java.lang.SecurityManager.checkWrite(SecurityManager.java:975)
	at java.io.File.createNewFile(File.java:826)
	at TraceDebugMessages.createFile(TraceDebugMessages.java:47)
	at TraceDebugMessages.main(TraceDebugMessages.java:87)
access: domain (context is null)
access: access allowed (java.io.FilePermission C:\export\home\jeffreyh\SCM_Workareas\IsrvWA\IsrvWS\JavaProgramming\classes read)
policy: evaluate codesources:
	Policy CodeSource: (file:/C:/j2sdk1.4.1/jre/lib/ext/* <no certificates>)
	Active CodeSource: (file:/C:/export/home/jeffreyh/SCM_Workareas/IsrvWA/IsrvWS/JavaProgramming/classes/ <no certificates>)
policy: evaluation (codesource) failed
policy: evaluate codesources:
	Policy CodeSource: (null <no certificates>)
	Active CodeSource: (file:/C:/export/home/jeffreyh/SCM_Workareas/IsrvWA/IsrvWS/JavaProgramming/classes/ <no certificates>)
policy: evaluate principals:
	Policy Principals: []
	Active Principals: []
policy: evaluation (codesource/principals) passed
policy:   granting (java.lang.RuntimePermission stopThread)
policy:   granting (java.net.SocketPermission localhost:1024- listen,resolve)
policy:   granting (java.util.PropertyPermission java.version read)
policy:   granting (java.util.PropertyPermission java.vendor read)
policy:   granting (java.util.PropertyPermission java.vendor.url read)
policy:   granting (java.util.PropertyPermission java.class.version read)
policy:   granting (java.util.PropertyPermission os.name read)
policy:   granting (java.util.PropertyPermission os.version read)
policy:   granting (java.util.PropertyPermission os.arch read)
policy:   granting (java.util.PropertyPermission file.separator read)
policy:   granting (java.util.PropertyPermission path.separator read)
policy:   granting (java.util.PropertyPermission line.separator read)
policy:   granting (java.util.PropertyPermission java.specification.version read)
policy:   granting (java.util.PropertyPermission java.specification.vendor read)
policy:   granting (java.util.PropertyPermission java.specification.name read)
policy:   granting (java.util.PropertyPermission java.vm.specification.version read)
policy:   granting (java.util.PropertyPermission java.vm.specification.vendor read)
policy:   granting (java.util.PropertyPermission java.vm.specification.name read)
policy:   granting (java.util.PropertyPermission java.vm.version read)
policy:   granting (java.util.PropertyPermission java.vm.vendor read)
policy:   granting (java.util.PropertyPermission java.vm.name read)
access: domain that failed ProtectionDomain  (file:/C:/export/home/jeffreyh/SCM_Workareas/IsrvWA/IsrvWS/JavaProgramming/classes/ <no certificates>)
 sun.misc.Launcher$AppClassLoader@92e78c
 <no principals>
 java.security.Permissions@110b053 (
 (java.net.SocketPermission localhost:1024- listen,resolve)
 (java.io.FilePermission \C:\export\home\jeffreyh\SCM_Workareas\IsrvWA\IsrvWS\JavaProgramming\classes\- read)
 (java.util.PropertyPermission java.specification.vendor read)
 (java.util.PropertyPermission java.vm.specification.vendor read)
 (java.util.PropertyPermission path.separator read)
 (java.util.PropertyPermission java.vm.name read)
 (java.util.PropertyPermission java.class.version read)
 (java.util.PropertyPermission os.name read)
 (java.util.PropertyPermission java.vendor.url read)
 (java.util.PropertyPermission java.vendor read)
 (java.util.PropertyPermission java.vm.vendor read)
 (java.util.PropertyPermission file.separator read)
 (java.util.PropertyPermission os.version read)
 (java.util.PropertyPermission java.vm.version read)
 (java.util.PropertyPermission java.version read)
 (java.util.PropertyPermission line.separator read)
 (java.util.PropertyPermission java.vm.specification.version read)
 (java.util.PropertyPermission java.specification.name read)
 (java.util.PropertyPermission java.vm.specification.name read)
 (java.util.PropertyPermission java.specification.version read)
 (java.util.PropertyPermission os.arch read)
 (java.lang.RuntimePermission exitVM)
 (java.lang.RuntimePermission stopThread)
)


java.security.AccessControlException: access denied (java.io.FilePermission testFile.txt write)
	at java.security.AccessControlContext.checkPermission(AccessControlContext.java:270)
	at java.security.AccessController.checkPermission(AccessController.java:401)
	at java.lang.SecurityManager.checkPermission(SecurityManager.java:542)
	at java.lang.SecurityManager.checkWrite(SecurityManager.java:975)
	at java.io.File.createNewFile(File.java:826)
	at TraceDebugMessages.createFile(TraceDebugMessages.java:47)
	at TraceDebugMessages.main(TraceDebugMessages.java:87)
java.lang.Exception: Stack trace
	at java.lang.Thread.dumpStack(Thread.java:1071)
	at java.security.AccessControlContext.checkPermission(AccessControlContext.java:228)
	at java.security.AccessController.checkPermission(AccessController.java:401)
	at java.lang.SecurityManager.checkPermission(SecurityManager.java:542)
	at java.util.logging.LogManager.checkAccess(LogManager.java:759)
	at java.util.logging.LogManager.reset(LogManager.java:466)
	at java.util.logging.LogManager$Cleaner.run(LogManager.java:175)
access: domain (context is null)
java.lang.Exception: Stack trace
	at java.lang.Thread.dumpStack(Thread.java:1071)
	at java.security.AccessControlContext.checkPermission(AccessControlContext.java:228)
	at java.security.AccessController.checkPermission(AccessController.java:401)
	at java.lang.SecurityManager.checkPermission(SecurityManager.java:542)
	at java.util.logging.LogManager.checkAccess(LogManager.java:759)
	at java.util.logging.Logger.setLevel(Logger.java:1071)
	at java.util.logging.LogManager.resetLogger(LogManager.java:502)
	at java.util.logging.LogManager.reset(LogManager.java:476)
	at java.util.logging.LogManager$Cleaner.run(LogManager.java:175)
access: domain (context is null)
java.lang.Exception: Stack trace
	at java.lang.Thread.dumpStack(Thread.java:1071)
	at java.security.AccessControlContext.checkPermission(AccessControlContext.java:228)
	at java.security.AccessController.checkPermission(AccessController.java:401)
	at java.lang.SecurityManager.checkPermission(SecurityManager.java:542)
	at java.util.logging.LogManager.checkAccess(LogManager.java:759)
	at java.util.logging.Logger.setLevel(Logger.java:1071)
	at java.util.logging.LogManager.resetLogger(LogManager.java:500)
	at java.util.logging.LogManager.reset(LogManager.java:476)
	at java.util.logging.LogManager$Cleaner.run(LogManager.java:175)
access: domain (context is null)
Exception in thread "main" 