--------------------------
Compile Program
--------------------------
javac ListAvailableCryptographicServices.java


--------------------------
Run Program
--------------------------
java ListAvailableCryptographicServices


--------------------------
Program Output
--------------------------


Service Types
-------------
  - AlgorithmParameterGenerator
  - AlgorithmParameters
  - CertPathBuilder
  - CertPathValidator
  - CertStore
  - CertificateFactory
  - Cipher
  - GssApiMechanism
  - KeyAgreement
  - KeyFactory
  - KeyGenerator
  - KeyManagerFactory
  - KeyPairGenerator
  - KeyStore
  - Mac
  - MessageDigest
  - SSLContext
  - SecretKeyFactory
  - SecureRandom
  - Signature
  - TrustManagerFactory


Service Type Implementations
----------------------------

  - AlgorithmParameterGenerator
      DH
      DSA
      DiffieHellman

  - AlgorithmParameters
      1.2.840.10040.4.1
      1.3.14.3.2.12
      Blowfish
      DES
      DESede
      DH
      DSA
      DiffieHellman
      PBE
      PBEWithMD5AndDES
      TripleDES

  - CertPathBuilder
      PKIX

  - CertPathValidator
      PKIX

  - CertStore
      Collection
      LDAP

  - CertificateFactory
      X.509
      X509

  - Cipher
      Blowfish
      DES
      DESede
      PBEWithMD5AndDES
      PBEWithMD5AndTripleDES
      TripleDES

  - GssApiMechanism
      1.2.840.113554.1.2.2

  - KeyAgreement
      DH
      DiffieHellman

  - KeyFactory
      1.2.840.10040.4.1
      1.3.14.3.2.12
      DH
      DSA
      DiffieHellman
      RSA

  - KeyGenerator
      Blowfish
      DES
      DESede
      HmacMD5
      HmacSHA1
      TripleDES

  - KeyManagerFactory
      SunX509

  - KeyPairGenerator
      1.2.840.10040.4.1
      1.3.14.3.2.12
      DH
      DSA
      DiffieHellman
      OID.1.2.840.10040.4.1
      RSA

  - KeyStore
      JCEKS
      JKS
      PKCS12

  - Mac
      HmacMD5
      HmacSHA1

  - MessageDigest
      MD5
      SHA
      SHA-1
      SHA1

  - SSLContext
      SSL
      SSLv3
      TLS
      TLSv1

  - SecretKeyFactory
      DES
      DESede
      PBEWithMD5AndDES
      TripleDES

  - SecureRandom
      SHA1PRNG

  - Signature
      1.2.840.10040.4.3
      1.3.14.3.2.13
      1.3.14.3.2.27
      DSA
      DSAWithSHA1
      DSS
      MD2withRSA
      MD5withRSA
      OID.1.2.840.10040.4.3
      SHA-1/DSA
      SHA/DSA
      SHA1/DSA
      SHA1withDSA
      SHA1withRSA
      SHAwithDSA

  - TrustManagerFactory
      SunX509

