--------------------------
Compile Program
--------------------------
javac ReadFileIntoByteArray.java


--------------------------
Run Program
--------------------------
java ReadFileIntoByteArray


--------------------------
Program Output
--------------------------


DEBUG: FileInputStream is README_InputFile.txt
DEBUG: Length of README_InputFile.txt is 682

fileArray[0] =  35 :  HEX=(0x23) :  charValue=(#)
fileArray[1] =  32 :  HEX=(0x20) :  charValue=( )
fileArray[2] =  43 :  HEX=(0x2b) :  charValue=(+)
fileArray[3] =  45 :  HEX=(0x2d) :  charValue=(-)
fileArray[4] =  45 :  HEX=(0x2d) :  charValue=(-)
fileArray[5] =  45 :  HEX=(0x2d) :  charValue=(-)
fileArray[6] =  45 :  HEX=(0x2d) :  charValue=(-)
fileArray[7] =  45 :  HEX=(0x2d) :  charValue=(-)
fileArray[8] =  45 :  HEX=(0x2d) :  charValue=(-)
fileArray[9] =  45 :  HEX=(0x2d) :  charValue=(-)
fileArray[10] =  45 :  HEX=(0x2d) :  charValue=(-)
fileArray[11] =  45 :  HEX=(0x2d) :  charValue=(-)
fileArray[12] =  45 :  HEX=(0x2d) :  charValue=(-)
fileArray[13] =  45 :  HEX=(0x2d) :  charValue=(-)
fileArray[14] =  45 :  HEX=(0x2d) :  charValue=(-)
fileArray[15] =  45 :  HEX=(0x2d) :  charValue=(-)
fileArray[16] =  45 :  HEX=(0x2d) :  charValue=(-)
fileArray[17] =  45 :  HEX=(0x2d) :  charValue=(-)
fileArray[18] =  45 :  HEX=(0x2d) :  charValue=(-)
fileArray[19] =  45 :  HEX=(0x2d) :  charValue=(-)
fileArray[20] =  45 :  HEX=(0x2d) :  charValue=(-)
fileArray[21] =  45 :  HEX=(0x2d) :  charValue=(-)
fileArray[22] =  45 :  HEX=(0x2d) :  charValue=(-)
fileArray[23] =  45 :  HEX=(0x2d) :  charValue=(-)
fileArray[24] =  45 :  HEX=(0x2d) :  charValue=(-)
fileArray[25] =  45 :  HEX=(0x2d) :  charValue=(-)
fileArray[26] =  45 :  HEX=(0x2d) :  charValue=(-)
fileArray[27] =  45 :  HEX=(0x2d) :  charValue=(-)
fileArray[28] =  45 :  HEX=(0x2d) :  charValue=(-)
fileArray[29] =  45 :  HEX=(0x2d) :  charValue=(-)
fileArray[30] =  45 :  HEX=(0x2d) :  charValue=(-)
fileArray[31] =  45 :  HEX=(0x2d) :  charValue=(-)
fileArray[32] =  45 :  HEX=(0x2d) :  charValue=(-)
fileArray[33] =  45 :  HEX=(0x2d) :  charValue=(-)
fileArray[34] =  45 :  HEX=(0x2d) :  charValue=(-)
fileArray[35] =  45 :  HEX=(0x2d) :  charValue=(-)
fileArray[36] =  45 :  HEX=(0x2d) :  charValue=(-)
fileArray[37] =  45 :  HEX=(0x2d) :  charValue=(-)
fileArray[38] =  45 :  HEX=(0x2d) :  charValue=(-)
fileArray[39] =  45 :  HEX=(0x2d) :  charValue=(-)
fileArray[40] =  45 :  HEX=(0x2d) :  charValue=(-)
fileArray[41] =  45 :  HEX=(0x2d) :  charValue=(-)
fileArray[42] =  45 :  HEX=(0x2d) :  charValue=(-)
fileArray[43] =  45 :  HEX=(0x2d) :  charValue=(-)
fileArray[44] =  45 :  HEX=(0x2d) :  charValue=(-)
fileArray[45] =  45 :  HEX=(0x2d) :  charValue=(-)
fileArray[46] =  45 :  HEX=(0x2d) :  charValue=(-)
fileArray[47] =  45 :  HEX=(0x2d) :  charValue=(-)
fileArray[48] =  45 :  HEX=(0x2d) :  charValue=(-)
fileArray[49] =  45 :  HEX=(0x2d) :  charValue=(-)
fileArray[50] =  45 :  HEX=(0x2d) :  charValue=(-)
fileArray[51] =  45 :  HEX=(0x2d) :  charValue=(-)
fileArray[52] =  45 :  HEX=(0x2d) :  charValue=(-)
fileArray[53] =  45 :  HEX=(0x2d) :  charValue=(-)
fileArray[54] =  45 :  HEX=(0x2d) :  charValue=(-)
fileArray[55] =  45 :  HEX=(0x2d) :  charValue=(-)
fileArray[56] =  45 :  HEX=(0x2d) :  charValue=(-)
fileArray[57] =  45 :  HEX=(0x2d) :  charValue=(-)
fileArray[58] =  45 :  HEX=(0x2d) :  charValue=(-)
fileArray[59] =  45 :  HEX=(0x2d) :  charValue=(-)
fileArray[60] =  45 :  HEX=(0x2d) :  charValue=(-)
fileArray[61] =  45 :  HEX=(0x2d) :  charValue=(-)
fileArray[62] =  45 :  HEX=(0x2d) :  charValue=(-)
fileArray[63] =  45 :  HEX=(0x2d) :  charValue=(-)
fileArray[64] =  45 :  HEX=(0x2d) :  charValue=(-)
fileArray[65] =  45 :  HEX=(0x2d) :  charValue=(-)
fileArray[66] =  45 :  HEX=(0x2d) :  charValue=(-)
fileArray[67] =  45 :  HEX=(0x2d) :  charValue=(-)
fileArray[68] =  45 :  HEX=(0x2d) :  charValue=(-)
fileArray[69] =  45 :  HEX=(0x2d) :  charValue=(-)
fileArray[70] =  45 :  HEX=(0x2d) :  charValue=(-)
fileArray[71] =  45 :  HEX=(0x2d) :  charValue=(-)
fileArray[72] =  45 :  HEX=(0x2d) :  charValue=(-)
fileArray[73] =  45 :  HEX=(0x2d) :  charValue=(-)
fileArray[74] =  45 :  HEX=(0x2d) :  charValue=(-)
fileArray[75] =  45 :  HEX=(0x2d) :  charValue=(-)
fileArray[76] =  45 :  HEX=(0x2d) :  charValue=(-)
fileArray[77] =  45 :  HEX=(0x2d) :  charValue=(-)
fileArray[78] =  45 :  HEX=(0x2d) :  charValue=(-)
fileArray[79] =  43 :  HEX=(0x2b) :  charValue=(+)
fileArray[80] =  10 :  HEX=(0x0a) :  charValue=(
)
fileArray[81] =  35 :  HEX=(0x23) :  charValue=(#)
fileArray[82] =  32 :  HEX=(0x20) :  charValue=( )
fileArray[83] = 124 :  HEX=(0x7c) :  charValue=(|)
fileArray[84] =  32 :  HEX=(0x20) :  charValue=( )
fileArray[85] =  70 :  HEX=(0x46) :  charValue=(F)
fileArray[86] =  73 :  HEX=(0x49) :  charValue=(I)
fileArray[87] =  76 :  HEX=(0x4c) :  charValue=(L)
fileArray[88] =  69 :  HEX=(0x45) :  charValue=(E)
fileArray[89] =  32 :  HEX=(0x20) :  charValue=( )
fileArray[90] =  32 :  HEX=(0x20) :  charValue=( )
fileArray[91] =  32 :  HEX=(0x20) :  charValue=( )
fileArray[92] =  32 :  HEX=(0x20) :  charValue=( )
fileArray[93] =  32 :  HEX=(0x20) :  charValue=( )
fileArray[94] =  32 :  HEX=(0x20) :  charValue=( )
fileArray[95] =  58 :  HEX=(0x3a) :  charValue=(:)
fileArray[96] =  32 :  HEX=(0x20) :  charValue=( )
fileArray[97] =  82 :  HEX=(0x52) :  charValue=(R)
fileArray[98] =  69 :  HEX=(0x45) :  charValue=(E)
fileArray[99] =  65 :  HEX=(0x41) :  charValue=(A)
fileArray[100] =  68 :  HEX=(0x44) :  charValue=(D)
fileArray[101] =  77 :  HEX=(0x4d) :  charValue=(M)
fileArray[102] =  69 :  HEX=(0x45) :  charValue=(E)
fileArray[103] =  95 :  HEX=(0x5f) :  charValue=(_)
fileArray[104] =  73 :  HEX=(0x49) :  charValue=(I)
fileArray[105] = 110 :  HEX=(0x6e) :  charValue=(n)
fileArray[106] = 112 :  HEX=(0x70) :  charValue=(p)
fileArray[107] = 117 :  HEX=(0x75) :  charValue=(u)
fileArray[108] = 116 :  HEX=(0x74) :  charValue=(t)
fileArray[109] =  70 :  HEX=(0x46) :  charValue=(F)
fileArray[110] = 105 :  HEX=(0x69) :  charValue=(i)
fileArray[111] = 108 :  HEX=(0x6c) :  charValue=(l)
fileArray[112] = 101 :  HEX=(0x65) :  charValue=(e)
fileArray[113] =  46 :  HEX=(0x2e) :  charValue=(.)
fileArray[114] = 116 :  HEX=(0x74) :  charValue=(t)
fileArray[115] = 120 :  HEX=(0x78) :  charValue=(x)
fileArray[116] = 116 :  HEX=(0x74) :  charValue=(t)
fileArray[117] =  32 :  HEX=(0x20) :  charValue=( )
fileArray[118] =  32 :  HEX=(0x20) :  charValue=( )
fileArray[119] =  32 :  HEX=(0x20) :  charValue=( )
fileArray[120] =  32 :  HEX=(0x20) :  charValue=( )
fileArray[121] =  32 :  HEX=(0x20) :  charValue=( )
fileArray[122] =  32 :  HEX=(0x20) :  charValue=( )
fileArray[123] =  32 :  HEX=(0x20) :  charValue=( )
fileArray[124] =  32 :  HEX=(0x20) :  charValue=( )
fileArray[125] =  32 :  HEX=(0x20) :  charValue=( )
fileArray[126] =  32 :  HEX=(0x20) :  charValue=( )
fileArray[127] =  32 :  HEX=(0x20) :  charValue=( )
fileArray[128] =  32 :  HEX=(0x20) :  charValue=( )
fileArray[129] =  32 :  HEX=(0x20) :  charValue=( )
fileArray[130] =  32 :  HEX=(0x20) :  charValue=( )
fileArray[131] =  32 :  HEX=(0x20) :  charValue=( )
fileArray[132] =  32 :  HEX=(0x20) :  charValue=( )
fileArray[133] =  32 :  HEX=(0x20) :  charValue=( )
fileArray[134] =  32 :  HEX=(0x20) :  charValue=( )
fileArray[135] =  32 :  HEX=(0x20) :  charValue=( )
fileArray[136] =  32 :  HEX=(0x20) :  charValue=( )
fileArray[137] =  32 :  HEX=(0x20) :  charValue=( )
fileArray[138] =  32 :  HEX=(0x20) :  charValue=( )
fileArray[139] =  32 :  HEX=(0x20) :  charValue=( )
fileArray[140] =  32 :  HEX=(0x20) :  charValue=( )
fileArray[141] =  32 :  HEX=(0x20) :  charValue=( )
fileArray[142] =  32 :  HEX=(0x20) :  charValue=( )
fileArray[143] =  32 :  HEX=(0x20) :  charValue=( )
fileArray[144] =  32 :  HEX=(0x20) :  charValue=( )
fileArray[145] =  32 :  HEX=(0x20) :  charValue=( )
fileArray[146] =  32 :  HEX=(0x20) :  charValue=( )
fileArray[147] =  32 :  HEX=(0x20) :  charValue=( )
fileArray[148] =  32 :  HEX=(0x20) :  charValue=( )
fileArray[149] =  32 :  HEX=(0x20) :  charValue=( )
fileArray[150] =  32 :  HEX=(0x20) :  charValue=( )
fileArray[151] =  32 :  HEX=(0x20) :  charValue=( )
fileArray[152] =  32 :  HEX=(0x20) :  charValue=( )
fileArray[153] =  32 :  HEX=(0x20) :  charValue=( )
fileArray[154] =  32 :  HEX=(0x20) :  charValue=( )
fileArray[155] =  32 :  HEX=(0x20) :  charValue=( )
fileArray[156] =  32 :  HEX=(0x20) :  charValue=( )
fileArray[157] =  32 :  HEX=(0x20) :  charValue=( )
fileArray[158] =  32 :  HEX=(0x20) :  charValue=( )
fileArray[159] =  32 :  HEX=(0x20) :  charValue=( )
fileArray[160] = 124 :  HEX=(0x7c) :  charValue=(|)
fileArray[161] =  10 :  HEX=(0x0a) :  charValue=(
)
fileArray[162] =  35 :  HEX=(0x23) :  charValue=(#)
fileArray[163] =  32 :  HEX=(0x20) :  charValue=( )
fileArray[164] = 124 :  HEX=(0x7c) :  charValue=(|)
fileArray[165] =  32 :  HEX=(0x20) :  charValue=( )
fileArray[166] =  65 :  HEX=(0x41) :  charValue=(A)
fileArray[167] =  85 :  HEX=(0x55) :  charValue=(U)
fileArray[168] =  84 :  HEX=(0x54) :  charValue=(T)
fileArray[169] =  72 :  HEX=(0x48) :  charValue=(H)
fileArray[170] =  79 :  HEX=(0x4f) :  charValue=(O)
fileArray[171] =  82 :  HEX=(0x52) :  charValue=(R)
fileArray[172] =  32 :  HEX=(0x20) :  charValue=( )
fileArray[173] =  32 :  HEX=(0x20) :  charValue=( )
fileArray[174] =  32 :  HEX=(0x20) :  charValue=( )
fileArray[175] =  32 :  HEX=(0x20) :  charValue=( )
fileArray[176] =  58 :  HEX=(0x3a) :  charValue=(:)
fileArray[177] =  32 :  HEX=(0x20) :  charValue=( )
fileArray[178] =  74 :  HEX=(0x4a) :  charValue=(J)
fileArray[179] = 101 :  HEX=(0x65) :  charValue=(e)
fileArray[180] = 102 :  HEX=(0x66) :  charValue=(f)
fileArray[181] = 102 :  HEX=(0x66) :  charValue=(f)
fileArray[182] = 114 :  HEX=(0x72) :  charValue=(r)
fileArray[183] = 101 :  HEX=(0x65) :  charValue=(e)
fileArray[184] = 121 :  HEX=(0x79) :  charValue=(y)
fileArray[185] =  32 :  HEX=(0x20) :  charValue=( )
fileArray[186] =  72 :  HEX=(0x48) :  charValue=(H)
fileArray[187] = 117 :  HEX=(0x75) :  charValue=(u)
fileArray[188] = 110 :  HEX=(0x6e) :  charValue=(n)
fileArray[189] = 116 :  HEX=(0x74) :  charValue=(t)
fileArray[190] = 101 :  HEX=(0x65) :  charValue=(e)
fileArray[191] = 114 :  HEX=(0x72) :  charValue=(r)
fileArray[192] =  32 :  HEX=(0x20) :  charValue=( )
fileArray[193] =  32 :  HEX=(0x20) :  charValue=( )
fileArray[194] =  32 :  HEX=(0x20) :  charValue=( )
fileArray[195] =  32 :  HEX=(0x20) :  charValue=( )
fileArray[196] =  32 :  HEX=(0x20) :  charValue=( )
fileArray[197] =  32 :  HEX=(0x20) :  charValue=( )
fileArray[198] =  32 :  HEX=(0x20) :  charValue=( )
fileArray[199] =  32 :  HEX=(0x20) :  charValue=( )
fileArray[200] =  32 :  HEX=(0x20) :  charValue=( )
fileArray[201] =  32 :  HEX=(0x20) :  charValue=( )
fileArray[202] =  32 :  HEX=(0x20) :  charValue=( )
fileArray[203] =  32 :  HEX=(0x20) :  charValue=( )
fileArray[204] =  32 :  HEX=(0x20) :  charValue=( )
fileArray[205] =  32 :  HEX=(0x20) :  charValue=( )
fileArray[206] =  32 :  HEX=(0x20) :  charValue=( )
fileArray[207] =  32 :  HEX=(0x20) :  charValue=( )
fileArray[208] =  32 :  HEX=(0x20) :  charValue=( )
fileArray[209] =  32 :  HEX=(0x20) :  charValue=( )
fileArray[210] =  32 :  HEX=(0x20) :  charValue=( )
fileArray[211] =  32 :  HEX=(0x20) :  charValue=( )
fileArray[212] =  32 :  HEX=(0x20) :  charValue=( )
fileArray[213] =  32 :  HEX=(0x20) :  charValue=( )
fileArray[214] =  32 :  HEX=(0x20) :  charValue=( )
fileArray[215] =  32 :  HEX=(0x20) :  charValue=( )
fileArray[216] =  32 :  HEX=(0x20) :  charValue=( )
fileArray[217] =  32 :  HEX=(0x20) :  charValue=( )
fileArray[218] =  32 :  HEX=(0x20) :  charValue=( )
fileArray[219] =  32 :  HEX=(0x20) :  charValue=( )
fileArray[220] =  32 :  HEX=(0x20) :  charValue=( )
fileArray[221] =  32 :  HEX=(0x20) :  charValue=( )
fileArray[222] =  32 :  HEX=(0x20) :  charValue=( )
fileArray[223] =  32 :  HEX=(0x20) :  charValue=( )
fileArray[224] =  32 :  HEX=(0x20) :  charValue=( )
fileArray[225] =  32 :  HEX=(0x20) :  charValue=( )
fileArray[226] =  32 :  HEX=(0x20) :  charValue=( )
fileArray[227] =  32 :  HEX=(0x20) :  charValue=( )
fileArray[228] =  32 :  HEX=(0x20) :  charValue=( )
fileArray[229] =  32 :  HEX=(0x20) :  charValue=( )
fileArray[230] =  32 :  HEX=(0x20) :  charValue=( )
fileArray[231] =  32 :  HEX=(0x20) :  charValue=( )
fileArray[232] =  32 :  HEX=(0x20) :  charValue=( )
fileArray[233] =  32 :  HEX=(0x20) :  charValue=( )
fileArray[234] =  32 :  HEX=(0x20) :  charValue=( )
fileArray[235] =  32 :  HEX=(0x20) :  charValue=( )
fileArray[236] =  32 :  HEX=(0x20) :  charValue=( )
fileArray[237] =  32 :  HEX=(0x20) :  charValue=( )
fileArray[238] =  32 :  HEX=(0x20) :  charValue=( )
fileArray[239] =  32 :  HEX=(0x20) :  charValue=( )
fileArray[240] =  32 :  HEX=(0x20) :  charValue=( )
fileArray[241] = 124 :  HEX=(0x7c) :  charValue=(|)
fileArray[242] =  10 :  HEX=(0x0a) :  charValue=(
)
fileArray[243] =  35 :  HEX=(0x23) :  charValue=(#)
fileArray[244] =  32 :  HEX=(0x20) :  charValue=( )
fileArray[245] = 124 :  HEX=(0x7c) :  charValue=(|)
fileArray[246] =  32 :  HEX=(0x20) :  charValue=( )
fileArray[247] =  87 :  HEX=(0x57) :  charValue=(W)
fileArray[248] =  69 :  HEX=(0x45) :  charValue=(E)
fileArray[249] =  66 :  HEX=(0x42) :  charValue=(B)
fileArray[250] =  32 :  HEX=(0x20) :  charValue=( )
fileArray[251] =  32 :  HEX=(0x20) :  charValue=( )
fileArray[252] =  32 :  HEX=(0x20) :  charValue=( )
fileArray[253] =  32 :  HEX=(0x20) :  charValue=( )
fileArray[254] =  32 :  HEX=(0x20) :  charValue=( )
fileArray[255] =  32 :  HEX=(0x20) :  charValue=( )
fileArray[256] =  32 :  HEX=(0x20) :  charValue=( )
fileArray[257] =  58 :  HEX=(0x3a) :  charValue=(:)
fileArray[258] =  32 :  HEX=(0x20) :  charValue=( )
fileArray[259] = 104 :  HEX=(0x68) :  charValue=(h)
fileArray[260] = 116 :  HEX=(0x74) :  charValue=(t)
fileArray[261] = 116 :  HEX=(0x74) :  charValue=(t)
fileArray[262] = 112 :  HEX=(0x70) :  charValue=(p)
fileArray[263] =  58 :  HEX=(0x3a) :  charValue=(:)
fileArray[264] =  47 :  HEX=(0x2f) :  charValue=(/)
fileArray[265] =  47 :  HEX=(0x2f) :  charValue=(/)
fileArray[266] = 119 :  HEX=(0x77) :  charValue=(w)
fileArray[267] = 119 :  HEX=(0x77) :  charValue=(w)
fileArray[268] = 119 :  HEX=(0x77) :  charValue=(w)
fileArray[269] =  46 :  HEX=(0x2e) :  charValue=(.)
fileArray[270] = 105 :  HEX=(0x69) :  charValue=(i)
fileArray[271] =  68 :  HEX=(0x44) :  charValue=(D)
fileArray[272] = 101 :  HEX=(0x65) :  charValue=(e)
fileArray[273] = 118 :  HEX=(0x76) :  charValue=(v)
fileArray[274] = 101 :  HEX=(0x65) :  charValue=(e)
fileArray[275] = 108 :  HEX=(0x6c) :  charValue=(l)
fileArray[276] = 111 :  HEX=(0x6f) :  charValue=(o)
fileArray[277] = 112 :  HEX=(0x70) :  charValue=(p)
fileArray[278] = 109 :  HEX=(0x6d) :  charValue=(m)
fileArray[279] = 101 :  HEX=(0x65) :  charValue=(e)
fileArray[280] = 110 :  HEX=(0x6e) :  charValue=(n)
fileArray[281] = 116 :  HEX=(0x74) :  charValue=(t)
fileArray[282] =  46 :  HEX=(0x2e) :  charValue=(.)
fileArray[283] = 105 :  HEX=(0x69) :  charValue=(i)
fileArray[284] = 110 :  HEX=(0x6e) :  charValue=(n)
fileArray[285] = 102 :  HEX=(0x66) :  charValue=(f)
fileArray[286] = 111 :  HEX=(0x6f) :  charValue=(o)
fileArray[287] =  32 :  HEX=(0x20) :  charValue=( )
fileArray[288] =  32 :  HEX=(0x20) :  charValue=( )
fileArray[289] =  32 :  HEX=(0x20) :  charValue=( )
fileArray[290] =  32 :  HEX=(0x20) :  charValue=( )
fileArray[291] =  32 :  HEX=(0x20) :  charValue=( )
fileArray[292] =  32 :  HEX=(0x20) :  charValue=( )
fileArray[293] =  32 :  HEX=(0x20) :  charValue=( )
fileArray[294] =  32 :  HEX=(0x20) :  charValue=( )
fileArray[295] =  32 :  HEX=(0x20) :  charValue=( )
fileArray[296] =  32 :  HEX=(0x20) :  charValue=( )
fileArray[297] =  32 :  HEX=(0x20) :  charValue=( )
fileArray[298] =  32 :  HEX=(0x20) :  charValue=( )
fileArray[299] =  32 :  HEX=(0x20) :  charValue=( )
fileArray[300] =  32 :  HEX=(0x20) :  charValue=( )
fileArray[301] =  32 :  HEX=(0x20) :  charValue=( )
fileArray[302] =  32 :  HEX=(0x20) :  charValue=( )
fileArray[303] =  32 :  HEX=(0x20) :  charValue=( )
fileArray[304] =  32 :  HEX=(0x20) :  charValue=( )
fileArray[305] =  32 :  HEX=(0x20) :  charValue=( )
fileArray[306] =  32 :  HEX=(0x20) :  charValue=( )
fileArray[307] =  32 :  HEX=(0x20) :  charValue=( )
fileArray[308] =  32 :  HEX=(0x20) :  charValue=( )
fileArray[309] =  32 :  HEX=(0x20) :  charValue=( )
fileArray[310] =  32 :  HEX=(0x20) :  charValue=( )
fileArray[311] =  32 :  HEX=(0x20) :  charValue=( )
fileArray[312] =  32 :  HEX=(0x20) :  charValue=( )
fileArray[313] =  32 :  HEX=(0x20) :  charValue=( )
fileArray[314] =  32 :  HEX=(0x20) :  charValue=( )
fileArray[315] =  32 :  HEX=(0x20) :  charValue=( )
fileArray[316] =  32 :  HEX=(0x20) :  charValue=( )
fileArray[317] =  32 :  HEX=(0x20) :  charValue=( )
fileArray[318] =  32 :  HEX=(0x20) :  charValue=( )
fileArray[319] =  32 :  HEX=(0x20) :  charValue=( )
fileArray[320] =  32 :  HEX=(0x20) :  charValue=( )
fileArray[321] =  32 :  HEX=(0x20) :  charValue=( )
fileArray[322] = 124 :  HEX=(0x7c) :  charValue=(|)
fileArray[323] =  10 :  HEX=(0x0a) :  charValue=(
)
fileArray[324] =  35 :  HEX=(0x23) :  charValue=(#)
fileArray[325] =  32 :  HEX=(0x20) :  charValue=( )
fileArray[326] = 124 :  HEX=(0x7c) :  charValue=(|)
fileArray[327] =  32 :  HEX=(0x20) :  charValue=( )
fileArray[328] =  67 :  HEX=(0x43) :  charValue=(C)
fileArray[329] =  65 :  HEX=(0x41) :  charValue=(A)
fileArray[330] =  84 :  HEX=(0x54) :  charValue=(T)
fileArray[331] =  69 :  HEX=(0x45) :  charValue=(E)
fileArray[332] =  71 :  HEX=(0x47) :  charValue=(G)
fileArray[333] =  79 :  HEX=(0x4f) :  charValue=(O)
fileArray[334] =  82 :  HEX=(0x52) :  charValue=(R)
fileArray[335] =  89 :  HEX=(0x59) :  charValue=(Y)
fileArray[336] =  32 :  HEX=(0x20) :  charValue=( )
fileArray[337] =  32 :  HEX=(0x20) :  charValue=( )
fileArray[338] =  58 :  HEX=(0x3a) :  charValue=(:)
fileArray[339] =  32 :  HEX=(0x20) :  charValue=( )
fileArray[340] =  74 :  HEX=(0x4a) :  charValue=(J)
fileArray[341] =  97 :  HEX=(0x61) :  charValue=(a)
fileArray[342] = 118 :  HEX=(0x76) :  charValue=(v)
fileArray[343] =  97 :  HEX=(0x61) :  charValue=(a)
fileArray[344] =  32 :  HEX=(0x20) :  charValue=( )
fileArray[345] =  80 :  HEX=(0x50) :  charValue=(P)
fileArray[346] = 114 :  HEX=(0x72) :  charValue=(r)
fileArray[347] = 111 :  HEX=(0x6f) :  charValue=(o)
fileArray[348] = 103 :  HEX=(0x67) :  charValue=(g)
fileArray[349] = 114 :  HEX=(0x72) :  charValue=(r)
fileArray[350] =  97 :  HEX=(0x61) :  charValue=(a)
fileArray[351] = 109 :  HEX=(0x6d) :  charValue=(m)
fileArray[352] = 109 :  HEX=(0x6d) :  charValue=(m)
fileArray[353] = 105 :  HEX=(0x69) :  charValue=(i)
fileArray[354] = 110 :  HEX=(0x6e) :  charValue=(n)
fileArray[355] = 103 :  HEX=(0x67) :  charValue=(g)
fileArray[356] =  32 :  HEX=(0x20) :  charValue=( )
fileArray[357] =  32 :  HEX=(0x20) :  charValue=( )
fileArray[358] =  32 :  HEX=(0x20) :  charValue=( )
fileArray[359] =  32 :  HEX=(0x20) :  charValue=( )
fileArray[360] =  32 :  HEX=(0x20) :  charValue=( )
fileArray[361] =  32 :  HEX=(0x20) :  charValue=( )
fileArray[362] =  32 :  HEX=(0x20) :  charValue=( )
fileArray[363] =  32 :  HEX=(0x20) :  charValue=( )
fileArray[364] =  32 :  HEX=(0x20) :  charValue=( )
fileArray[365] =  32 :  HEX=(0x20) :  charValue=( )
fileArray[366] =  32 :  HEX=(0x20) :  charValue=( )
fileArray[367] =  32 :  HEX=(0x20) :  charValue=( )
fileArray[368] =  32 :  HEX=(0x20) :  charValue=( )
fileArray[369] =  32 :  HEX=(0x20) :  charValue=( )
fileArray[370] =  32 :  HEX=(0x20) :  charValue=( )
fileArray[371] =  32 :  HEX=(0x20) :  charValue=( )
fileArray[372] =  32 :  HEX=(0x20) :  charValue=( )
fileArray[373] =  32 :  HEX=(0x20) :  charValue=( )
fileArray[374] =  32 :  HEX=(0x20) :  charValue=( )
fileArray[375] =  32 :  HEX=(0x20) :  charValue=( )
fileArray[376] =  32 :  HEX=(0x20) :  charValue=( )
fileArray[377] =  32 :  HEX=(0x20) :  charValue=( )
fileArray[378] =  32 :  HEX=(0x20) :  charValue=( )
fileArray[379] =  32 :  HEX=(0x20) :  charValue=( )
fileArray[380] =  32 :  HEX=(0x20) :  charValue=( )
fileArray[381] =  32 :  HEX=(0x20) :  charValue=( )
fileArray[382] =  32 :  HEX=(0x20) :  charValue=( )
fileArray[383] =  32 :  HEX=(0x20) :  charValue=( )
fileArray[384] =  32 :  HEX=(0x20) :  charValue=( )
fileArray[385] =  32 :  HEX=(0x20) :  charValue=( )
fileArray[386] =  32 :  HEX=(0x20) :  charValue=( )
fileArray[387] =  32 :  HEX=(0x20) :  charValue=( )
fileArray[388] =  32 :  HEX=(0x20) :  charValue=( )
fileArray[389] =  32 :  HEX=(0x20) :  charValue=( )
fileArray[390] =  32 :  HEX=(0x20) :  charValue=( )
fileArray[391] =  32 :  HEX=(0x20) :  charValue=( )
fileArray[392] =  32 :  HEX=(0x20) :  charValue=( )
fileArray[393] =  32 :  HEX=(0x20) :  charValue=( )
fileArray[394] =  32 :  HEX=(0x20) :  charValue=( )
fileArray[395] =  32 :  HEX=(0x20) :  charValue=( )
fileArray[396] =  32 :  HEX=(0x20) :  charValue=( )
fileArray[397] =  32 :  HEX=(0x20) :  charValue=( )
fileArray[398] =  32 :  HEX=(0x20) :  charValue=( )
fileArray[399] =  32 :  HEX=(0x20) :  charValue=( )
fileArray[400] =  32 :  HEX=(0x20) :  charValue=( )
fileArray[401] =  32 :  HEX=(0x20) :  charValue=( )
fileArray[402] =  32 :  HEX=(0x20) :  charValue=( )
fileArray[403] = 124 :  HEX=(0x7c) :  charValue=(|)
fileArray[404] =  10 :  HEX=(0x0a) :  charValue=(
)
fileArray[405] =  35 :  HEX=(0x23) :  charValue=(#)
fileArray[406] =  32 :  HEX=(0x20) :  charValue=( )
fileArray[407] = 124 :  HEX=(0x7c) :  charValue=(|)
fileArray[408] =  32 :  HEX=(0x20) :  charValue=( )
fileArray[409] =  83 :  HEX=(0x53) :  charValue=(S)
fileArray[410] =  85 :  HEX=(0x55) :  charValue=(U)
fileArray[411] =  66 :  HEX=(0x42) :  charValue=(B)
fileArray[412] =  74 :  HEX=(0x4a) :  charValue=(J)
fileArray[413] =  69 :  HEX=(0x45) :  charValue=(E)
fileArray[414] =  67 :  HEX=(0x43) :  charValue=(C)
fileArray[415] =  84 :  HEX=(0x54) :  charValue=(T)
fileArray[416] =  32 :  HEX=(0x20) :  charValue=( )
fileArray[417] =  32 :  HEX=(0x20) :  charValue=( )
fileArray[418] =  32 :  HEX=(0x20) :  charValue=( )
fileArray[419] =  58 :  HEX=(0x3a) :  charValue=(:)
fileArray[420] =  32 :  HEX=(0x20) :  charValue=( )
fileArray[421] =  73 :  HEX=(0x49) :  charValue=(I)
fileArray[422] =  47 :  HEX=(0x2f) :  charValue=(/)
fileArray[423] =  79 :  HEX=(0x4f) :  charValue=(O)
fileArray[424] =  32 :  HEX=(0x20) :  charValue=( )
fileArray[425] =  32 :  HEX=(0x20) :  charValue=( )
fileArray[426] =  32 :  HEX=(0x20) :  charValue=( )
fileArray[427] =  32 :  HEX=(0x20) :  charValue=( )
fileArray[428] =  32 :  HEX=(0x20) :  charValue=( )
fileArray[429] =  32 :  HEX=(0x20) :  charValue=( )
fileArray[430] =  32 :  HEX=(0x20) :  charValue=( )
fileArray[431] =  32 :  HEX=(0x20) :  charValue=( )
fileArray[432] =  32 :  HEX=(0x20) :  charValue=( )
fileArray[433] =  32 :  HEX=(0x20) :  charValue=( )
fileArray[434] =  32 :  HEX=(0x20) :  charValue=( )
fileArray[435] =  32 :  HEX=(0x20) :  charValue=( )
fileArray[436] =  32 :  HEX=(0x20) :  charValue=( )
fileArray[437] =  32 :  HEX=(0x20) :  charValue=( )
fileArray[438] =  32 :  HEX=(0x20) :  charValue=( )
fileArray[439] =  32 :  HEX=(0x20) :  charValue=( )
fileArray[440] =  32 :  HEX=(0x20) :  charValue=( )
fileArray[441] =  32 :  HEX=(0x20) :  charValue=( )
fileArray[442] =  32 :  HEX=(0x20) :  charValue=( )
fileArray[443] =  32 :  HEX=(0x20) :  charValue=( )
fileArray[444] =  32 :  HEX=(0x20) :  charValue=( )
fileArray[445] =  32 :  HEX=(0x20) :  charValue=( )
fileArray[446] =  32 :  HEX=(0x20) :  charValue=( )
fileArray[447] =  32 :  HEX=(0x20) :  charValue=( )
fileArray[448] =  32 :  HEX=(0x20) :  charValue=( )
fileArray[449] =  32 :  HEX=(0x20) :  charValue=( )
fileArray[450] =  32 :  HEX=(0x20) :  charValue=( )
fileArray[451] =  32 :  HEX=(0x20) :  charValue=( )
fileArray[452] =  32 :  HEX=(0x20) :  charValue=( )
fileArray[453] =  32 :  HEX=(0x20) :  charValue=( )
fileArray[454] =  32 :  HEX=(0x20) :  charValue=( )
fileArray[455] =  32 :  HEX=(0x20) :  charValue=( )
fileArray[456] =  32 :  HEX=(0x20) :  charValue=( )
fileArray[457] =  32 :  HEX=(0x20) :  charValue=( )
fileArray[458] =  32 :  HEX=(0x20) :  charValue=( )
fileArray[459] =  32 :  HEX=(0x20) :  charValue=( )
fileArray[460] =  32 :  HEX=(0x20) :  charValue=( )
fileArray[461] =  32 :  HEX=(0x20) :  charValue=( )
fileArray[462] =  32 :  HEX=(0x20) :  charValue=( )
fileArray[463] =  32 :  HEX=(0x20) :  charValue=( )
fileArray[464] =  32 :  HEX=(0x20) :  charValue=( )
fileArray[465] =  32 :  HEX=(0x20) :  charValue=( )
fileArray[466] =  32 :  HEX=(0x20) :  charValue=( )
fileArray[467] =  32 :  HEX=(0x20) :  charValue=( )
fileArray[468] =  32 :  HEX=(0x20) :  charValue=( )
fileArray[469] =  32 :  HEX=(0x20) :  charValue=( )
fileArray[470] =  32 :  HEX=(0x20) :  charValue=( )
fileArray[471] =  32 :  HEX=(0x20) :  charValue=( )
fileArray[472] =  32 :  HEX=(0x20) :  charValue=( )
fileArray[473] =  32 :  HEX=(0x20) :  charValue=( )
fileArray[474] =  32 :  HEX=(0x20) :  charValue=( )
fileArray[475] =  32 :  HEX=(0x20) :  charValue=( )
fileArray[476] =  32 :  HEX=(0x20) :  charValue=( )
fileArray[477] =  32 :  HEX=(0x20) :  charValue=( )
fileArray[478] =  32 :  HEX=(0x20) :  charValue=( )
fileArray[479] =  32 :  HEX=(0x20) :  charValue=( )
fileArray[480] =  32 :  HEX=(0x20) :  charValue=( )
fileArray[481] =  32 :  HEX=(0x20) :  charValue=( )
fileArray[482] =  32 :  HEX=(0x20) :  charValue=( )
fileArray[483] =  32 :  HEX=(0x20) :  charValue=( )
fileArray[484] = 124 :  HEX=(0x7c) :  charValue=(|)
fileArray[485] =  10 :  HEX=(0x0a) :  charValue=(
)
fileArray[486] =  35 :  HEX=(0x23) :  charValue=(#)
fileArray[487] =  32 :  HEX=(0x20) :  charValue=( )
fileArray[488] =  43 :  HEX=(0x2b) :  charValue=(+)
fileArray[489] =  45 :  HEX=(0x2d) :  charValue=(-)
fileArray[490] =  45 :  HEX=(0x2d) :  charValue=(-)
fileArray[491] =  45 :  HEX=(0x2d) :  charValue=(-)
fileArray[492] =  45 :  HEX=(0x2d) :  charValue=(-)
fileArray[493] =  45 :  HEX=(0x2d) :  charValue=(-)
fileArray[494] =  45 :  HEX=(0x2d) :  charValue=(-)
fileArray[495] =  45 :  HEX=(0x2d) :  charValue=(-)
fileArray[496] =  45 :  HEX=(0x2d) :  charValue=(-)
fileArray[497] =  45 :  HEX=(0x2d) :  charValue=(-)
fileArray[498] =  45 :  HEX=(0x2d) :  charValue=(-)
fileArray[499] =  45 :  HEX=(0x2d) :  charValue=(-)
fileArray[500] =  45 :  HEX=(0x2d) :  charValue=(-)
fileArray[501] =  45 :  HEX=(0x2d) :  charValue=(-)
fileArray[502] =  45 :  HEX=(0x2d) :  charValue=(-)
fileArray[503] =  45 :  HEX=(0x2d) :  charValue=(-)
fileArray[504] =  45 :  HEX=(0x2d) :  charValue=(-)
fileArray[505] =  45 :  HEX=(0x2d) :  charValue=(-)
fileArray[506] =  45 :  HEX=(0x2d) :  charValue=(-)
fileArray[507] =  45 :  HEX=(0x2d) :  charValue=(-)
fileArray[508] =  45 :  HEX=(0x2d) :  charValue=(-)
fileArray[509] =  45 :  HEX=(0x2d) :  charValue=(-)
fileArray[510] =  45 :  HEX=(0x2d) :  charValue=(-)
fileArray[511] =  45 :  HEX=(0x2d) :  charValue=(-)
fileArray[512] =  45 :  HEX=(0x2d) :  charValue=(-)
fileArray[513] =  45 :  HEX=(0x2d) :  charValue=(-)
fileArray[514] =  45 :  HEX=(0x2d) :  charValue=(-)
fileArray[515] =  45 :  HEX=(0x2d) :  charValue=(-)
fileArray[516] =  45 :  HEX=(0x2d) :  charValue=(-)
fileArray[517] =  45 :  HEX=(0x2d) :  charValue=(-)
fileArray[518] =  45 :  HEX=(0x2d) :  charValue=(-)
fileArray[519] =  45 :  HEX=(0x2d) :  charValue=(-)
fileArray[520] =  45 :  HEX=(0x2d) :  charValue=(-)
fileArray[521] =  45 :  HEX=(0x2d) :  charValue=(-)
fileArray[522] =  45 :  HEX=(0x2d) :  charValue=(-)
fileArray[523] =  45 :  HEX=(0x2d) :  charValue=(-)
fileArray[524] =  45 :  HEX=(0x2d) :  charValue=(-)
fileArray[525] =  45 :  HEX=(0x2d) :  charValue=(-)
fileArray[526] =  45 :  HEX=(0x2d) :  charValue=(-)
fileArray[527] =  45 :  HEX=(0x2d) :  charValue=(-)
fileArray[528] =  45 :  HEX=(0x2d) :  charValue=(-)
fileArray[529] =  45 :  HEX=(0x2d) :  charValue=(-)
fileArray[530] =  45 :  HEX=(0x2d) :  charValue=(-)
fileArray[531] =  45 :  HEX=(0x2d) :  charValue=(-)
fileArray[532] =  45 :  HEX=(0x2d) :  charValue=(-)
fileArray[533] =  45 :  HEX=(0x2d) :  charValue=(-)
fileArray[534] =  45 :  HEX=(0x2d) :  charValue=(-)
fileArray[535] =  45 :  HEX=(0x2d) :  charValue=(-)
fileArray[536] =  45 :  HEX=(0x2d) :  charValue=(-)
fileArray[537] =  45 :  HEX=(0x2d) :  charValue=(-)
fileArray[538] =  45 :  HEX=(0x2d) :  charValue=(-)
fileArray[539] =  45 :  HEX=(0x2d) :  charValue=(-)
fileArray[540] =  45 :  HEX=(0x2d) :  charValue=(-)
fileArray[541] =  45 :  HEX=(0x2d) :  charValue=(-)
fileArray[542] =  45 :  HEX=(0x2d) :  charValue=(-)
fileArray[543] =  45 :  HEX=(0x2d) :  charValue=(-)
fileArray[544] =  45 :  HEX=(0x2d) :  charValue=(-)
fileArray[545] =  45 :  HEX=(0x2d) :  charValue=(-)
fileArray[546] =  45 :  HEX=(0x2d) :  charValue=(-)
fileArray[547] =  45 :  HEX=(0x2d) :  charValue=(-)
fileArray[548] =  45 :  HEX=(0x2d) :  charValue=(-)
fileArray[549] =  45 :  HEX=(0x2d) :  charValue=(-)
fileArray[550] =  45 :  HEX=(0x2d) :  charValue=(-)
fileArray[551] =  45 :  HEX=(0x2d) :  charValue=(-)
fileArray[552] =  45 :  HEX=(0x2d) :  charValue=(-)
fileArray[553] =  45 :  HEX=(0x2d) :  charValue=(-)
fileArray[554] =  45 :  HEX=(0x2d) :  charValue=(-)
fileArray[555] =  45 :  HEX=(0x2d) :  charValue=(-)
fileArray[556] =  45 :  HEX=(0x2d) :  charValue=(-)
fileArray[557] =  45 :  HEX=(0x2d) :  charValue=(-)
fileArray[558] =  45 :  HEX=(0x2d) :  charValue=(-)
fileArray[559] =  45 :  HEX=(0x2d) :  charValue=(-)
fileArray[560] =  45 :  HEX=(0x2d) :  charValue=(-)
fileArray[561] =  45 :  HEX=(0x2d) :  charValue=(-)
fileArray[562] =  45 :  HEX=(0x2d) :  charValue=(-)
fileArray[563] =  45 :  HEX=(0x2d) :  charValue=(-)
fileArray[564] =  45 :  HEX=(0x2d) :  charValue=(-)
fileArray[565] =  43 :  HEX=(0x2b) :  charValue=(+)
fileArray[566] =  10 :  HEX=(0x0a) :  charValue=(
)
fileArray[567] =  10 :  HEX=(0x0a) :  charValue=(
)
fileArray[568] =  73 :  HEX=(0x49) :  charValue=(I)
fileArray[569] =  46 :  HEX=(0x2e) :  charValue=(.)
fileArray[570] =  32 :  HEX=(0x20) :  charValue=( )
fileArray[571] =  73 :  HEX=(0x49) :  charValue=(I)
fileArray[572] =  78 :  HEX=(0x4e) :  charValue=(N)
fileArray[573] =  84 :  HEX=(0x54) :  charValue=(T)
fileArray[574] =  82 :  HEX=(0x52) :  charValue=(R)
fileArray[575] =  79 :  HEX=(0x4f) :  charValue=(O)
fileArray[576] =  68 :  HEX=(0x44) :  charValue=(D)
fileArray[577] =  85 :  HEX=(0x55) :  charValue=(U)
fileArray[578] =  67 :  HEX=(0x43) :  charValue=(C)
fileArray[579] =  84 :  HEX=(0x54) :  charValue=(T)
fileArray[580] =  73 :  HEX=(0x49) :  charValue=(I)
fileArray[581] =  79 :  HEX=(0x4f) :  charValue=(O)
fileArray[582] =  78 :  HEX=(0x4e) :  charValue=(N)
fileArray[583] =  10 :  HEX=(0x0a) :  charValue=(
)
fileArray[584] =  10 :  HEX=(0x0a) :  charValue=(
)
fileArray[585] =  32 :  HEX=(0x20) :  charValue=( )
fileArray[586] =  32 :  HEX=(0x20) :  charValue=( )
fileArray[587] =  32 :  HEX=(0x20) :  charValue=( )
fileArray[588] =  84 :  HEX=(0x54) :  charValue=(T)
fileArray[589] = 104 :  HEX=(0x68) :  charValue=(h)
fileArray[590] = 101 :  HEX=(0x65) :  charValue=(e)
fileArray[591] =  32 :  HEX=(0x20) :  charValue=( )
fileArray[592] = 102 :  HEX=(0x66) :  charValue=(f)
fileArray[593] = 111 :  HEX=(0x6f) :  charValue=(o)
fileArray[594] = 108 :  HEX=(0x6c) :  charValue=(l)
fileArray[595] = 108 :  HEX=(0x6c) :  charValue=(l)
fileArray[596] = 111 :  HEX=(0x6f) :  charValue=(o)
fileArray[597] = 119 :  HEX=(0x77) :  charValue=(w)
fileArray[598] = 105 :  HEX=(0x69) :  charValue=(i)
fileArray[599] = 110 :  HEX=(0x6e) :  charValue=(n)
fileArray[600] = 103 :  HEX=(0x67) :  charValue=(g)
fileArray[601] =  32 :  HEX=(0x20) :  charValue=( )
fileArray[602] = 102 :  HEX=(0x66) :  charValue=(f)
fileArray[603] = 105 :  HEX=(0x69) :  charValue=(i)
fileArray[604] = 108 :  HEX=(0x6c) :  charValue=(l)
fileArray[605] = 101 :  HEX=(0x65) :  charValue=(e)
fileArray[606] =  32 :  HEX=(0x20) :  charValue=( )
fileArray[607] =  99 :  HEX=(0x63) :  charValue=(c)
fileArray[608] =  97 :  HEX=(0x61) :  charValue=(a)
fileArray[609] = 110 :  HEX=(0x6e) :  charValue=(n)
fileArray[610] =  32 :  HEX=(0x20) :  charValue=( )
fileArray[611] =  98 :  HEX=(0x62) :  charValue=(b)
fileArray[612] = 101 :  HEX=(0x65) :  charValue=(e)
fileArray[613] =  32 :  HEX=(0x20) :  charValue=( )
fileArray[614] = 117 :  HEX=(0x75) :  charValue=(u)
fileArray[615] = 115 :  HEX=(0x73) :  charValue=(s)
fileArray[616] = 101 :  HEX=(0x65) :  charValue=(e)
fileArray[617] = 100 :  HEX=(0x64) :  charValue=(d)
fileArray[618] =  32 :  HEX=(0x20) :  charValue=( )
fileArray[619] =  97 :  HEX=(0x61) :  charValue=(a)
fileArray[620] = 115 :  HEX=(0x73) :  charValue=(s)
fileArray[621] =  32 :  HEX=(0x20) :  charValue=( )
fileArray[622] =  97 :  HEX=(0x61) :  charValue=(a)
fileArray[623] = 110 :  HEX=(0x6e) :  charValue=(n)
fileArray[624] =  32 :  HEX=(0x20) :  charValue=( )
fileArray[625] = 105 :  HEX=(0x69) :  charValue=(i)
fileArray[626] = 110 :  HEX=(0x6e) :  charValue=(n)
fileArray[627] = 112 :  HEX=(0x70) :  charValue=(p)
fileArray[628] = 117 :  HEX=(0x75) :  charValue=(u)
fileArray[629] = 116 :  HEX=(0x74) :  charValue=(t)
fileArray[630] =  32 :  HEX=(0x20) :  charValue=( )
fileArray[631] = 116 :  HEX=(0x74) :  charValue=(t)
fileArray[632] = 101 :  HEX=(0x65) :  charValue=(e)
fileArray[633] = 120 :  HEX=(0x78) :  charValue=(x)
fileArray[634] = 116 :  HEX=(0x74) :  charValue=(t)
fileArray[635] =  32 :  HEX=(0x20) :  charValue=( )
fileArray[636] = 102 :  HEX=(0x66) :  charValue=(f)
fileArray[637] = 105 :  HEX=(0x69) :  charValue=(i)
fileArray[638] = 108 :  HEX=(0x6c) :  charValue=(l)
fileArray[639] = 101 :  HEX=(0x65) :  charValue=(e)
fileArray[640] =  32 :  HEX=(0x20) :  charValue=( )
fileArray[641] = 116 :  HEX=(0x74) :  charValue=(t)
fileArray[642] = 111 :  HEX=(0x6f) :  charValue=(o)
fileArray[643] =  32 :  HEX=(0x20) :  charValue=( )
fileArray[644] =  74 :  HEX=(0x4a) :  charValue=(J)
fileArray[645] =  97 :  HEX=(0x61) :  charValue=(a)
fileArray[646] = 118 :  HEX=(0x76) :  charValue=(v)
fileArray[647] =  97 :  HEX=(0x61) :  charValue=(a)
fileArray[648] =  32 :  HEX=(0x20) :  charValue=( )
fileArray[649] = 112 :  HEX=(0x70) :  charValue=(p)
fileArray[650] = 114 :  HEX=(0x72) :  charValue=(r)
fileArray[651] = 111 :  HEX=(0x6f) :  charValue=(o)
fileArray[652] = 103 :  HEX=(0x67) :  charValue=(g)
fileArray[653] = 114 :  HEX=(0x72) :  charValue=(r)
fileArray[654] =  97 :  HEX=(0x61) :  charValue=(a)
fileArray[655] = 109 :  HEX=(0x6d) :  charValue=(m)
fileArray[656] = 115 :  HEX=(0x73) :  charValue=(s)
fileArray[657] =  32 :  HEX=(0x20) :  charValue=( )
fileArray[658] = 105 :  HEX=(0x69) :  charValue=(i)
fileArray[659] = 110 :  HEX=(0x6e) :  charValue=(n)
fileArray[660] =  10 :  HEX=(0x0a) :  charValue=(
)
fileArray[661] =  32 :  HEX=(0x20) :  charValue=( )
fileArray[662] =  32 :  HEX=(0x20) :  charValue=( )
fileArray[663] =  32 :  HEX=(0x20) :  charValue=( )
fileArray[664] = 116 :  HEX=(0x74) :  charValue=(t)
fileArray[665] = 104 :  HEX=(0x68) :  charValue=(h)
fileArray[666] = 101 :  HEX=(0x65) :  charValue=(e)
fileArray[667] =  32 :  HEX=(0x20) :  charValue=( )
fileArray[668] =  73 :  HEX=(0x49) :  charValue=(I)
fileArray[669] =  47 :  HEX=(0x2f) :  charValue=(/)
fileArray[670] =  79 :  HEX=(0x4f) :  charValue=(O)
fileArray[671] =  32 :  HEX=(0x20) :  charValue=( )
fileArray[672] = 115 :  HEX=(0x73) :  charValue=(s)
fileArray[673] = 101 :  HEX=(0x65) :  charValue=(e)
fileArray[674] =  99 :  HEX=(0x63) :  charValue=(c)
fileArray[675] = 116 :  HEX=(0x74) :  charValue=(t)
fileArray[676] = 105 :  HEX=(0x69) :  charValue=(i)
fileArray[677] = 111 :  HEX=(0x6f) :  charValue=(o)
fileArray[678] = 110 :  HEX=(0x6e) :  charValue=(n)
fileArray[679] =  46 :  HEX=(0x2e) :  charValue=(.)
fileArray[680] =  10 :  HEX=(0x0a) :  charValue=(
)
fileArray[681] =  10 :  HEX=(0x0a) :  charValue=(
)
