--------------------------
Compile Program
--------------------------
javac JdbcExample.java


--------------------------
Run Program
--------------------------
java JdbcExample


--------------------------
Program Output
--------------------------



  Loading JDBC Driver    -> oracle.jdbc.driver.OracleDriver
  Connecting to          -> jdbc:oracle:thin:@vmlinux1:1521:TESTDB1
  Connected as           -> scott
  Creating Table         -> Table created.

  Start Date / Time      -> 05/10/2009 00:43:38
  Populating Table       ->

...........................................................................

  # Rows Processed       -> 3,837,225
  Processing Time        -> 00 hours 02 minutes 46 seconds
                         -> 166357 milliseconds

  Start Date / Time      -> 05/10/2009 00:46:25
  # of Columns in Query  -> 6

  Printing First Row...
  Row Number [1]
  Row Count  [1]
  ---------------------
      Object ID          -> 2
      Object Name        -> C_OBJ#
      Real Number        -> 3.14
      Create Date        -> Apr 16, 2009 12:36:43 AM EDT-0400
      Null Date          -> Jan 01, 1970 07:00:00 PM EST-0500
      Null Value         -> <null>

................................................................................ (80,000 rows processed.)
................................................................................ (160,000 rows processed.)
................................................................................ (240,000 rows processed.)
................................................................................ (320,000 rows processed.)
................................................................................ (400,000 rows processed.)
................................................................................ (480,000 rows processed.)
................................................................................ (560,000 rows processed.)
................................................................................ (640,000 rows processed.)
................................................................................ (720,000 rows processed.)
................................................................................ (800,000 rows processed.)
................................................................................ (880,000 rows processed.)
................................................................................ (960,000 rows processed.)
................................................................................ (1,040,000 rows processed.)
................................................................................ (1,120,000 rows processed.)
................................................................................ (1,200,000 rows processed.)
................................................................................ (1,280,000 rows processed.)
................................................................................ (1,360,000 rows processed.)
................................................................................ (1,440,000 rows processed.)
................................................................................ (1,520,000 rows processed.)
................................................................................ (1,600,000 rows processed.)
................................................................................ (1,680,000 rows processed.)
................................................................................ (1,760,000 rows processed.)
................................................................................ (1,840,000 rows processed.)
................................................................................ (1,920,000 rows processed.)
................................................................................ (2,000,000 rows processed.)
................................................................................ (2,080,000 rows processed.)
................................................................................ (2,160,000 rows processed.)
................................................................................ (2,240,000 rows processed.)
................................................................................ (2,320,000 rows processed.)
................................................................................ (2,400,000 rows processed.)
................................................................................ (2,480,000 rows processed.)
................................................................................ (2,560,000 rows processed.)
................................................................................ (2,640,000 rows processed.)
................................................................................ (2,720,000 rows processed.)
................................................................................ (2,800,000 rows processed.)
................................................................................ (2,880,000 rows processed.)
................................................................................ (2,960,000 rows processed.)
................................................................................ (3,040,000 rows processed.)
................................................................................ (3,120,000 rows processed.)
................................................................................ (3,200,000 rows processed.)
................................................................................ (3,280,000 rows processed.)
................................................................................ (3,360,000 rows processed.)
................................................................................ (3,440,000 rows processed.)
................................................................................ (3,520,000 rows processed.)
................................................................................ (3,600,000 rows processed.)
................................................................................ (3,680,000 rows processed.)
................................................................................ (3,760,000 rows processed.)
.............................................................................

  # Rows Processed       -> 3,837,225
  Processing Time        -> 00 hours 02 minutes 30 seconds
                         -> 150726 milliseconds
  Dropping Table         -> Table dropped.
  Closing Connection     -> Done.
  