March 05, 2003 19:01:43
server started on port 3996
The server PID is: 25672

March 05, 2003 19:01:56
connection from  [209.195.154.26] at port 15013

March 05, 2003 19:01:56
begin 25691

March 05, 2003 19:01:56
connection from  [209.195.154.26] at port 15014

March 05, 2003 19:01:56
begin 25697

March 05, 2003 19:01:58
connection from  [209.195.154.26] at port 15016

March 05, 2003 19:01:58
begin 25702

March 05, 2003 19:01:58
connection from  [209.195.154.26] at port 15017

March 05, 2003 19:01:58
begin 25708

March 05, 2003 19:01:59
connection from  [209.195.154.26] at port 15020

March 05, 2003 19:01:59
begin 25713

March 05, 2003 19:01:59
connection from  [209.195.154.26] at port 15021

March 05, 2003 19:01:59
begin 25718

March 05, 2003 19:02:00
connection from  [209.195.154.26] at port 15022

March 05, 2003 19:02:00
begin 25723

March 05, 2003 19:02:01
connection from  [209.195.154.26] at port 15023

