--------------------------
Compile Program
--------------------------
javac RandomNumberBounds2.java


--------------------------
Run Program
--------------------------
java RandomNumberBounds2


--------------------------
Program Output
--------------------------


Random number : 23
Random number : 27
Random number : 84
Random number : 65
Random number : 226
Random number : 207
Random number : 8
Random number : 245
Random number : 245
Random number : 149
Random number : 130
Random number : 188
Random number : 168
Random number : 172
Random number : 153
Random number : 210
Random number : 191
Random number : 191
Random number : 96
Random number : 77
Random number : 134
Random number : 115
Random number : 19
Random number : 256
Random number : 256
Random number : 38
Random number : 38
Random number : 199
Random number : 180
Random number : 237
Random number : 218
Random number : 49
Random number : 30
Random number : 30
Random number : 87
Random number : 68
Random number : 229
Random number : 209
Random number : 11
Random number : 248
Random number : 152
Random number : 133
Random number : 133
Random number : 190
Random number : 171
Random number : 76
Random number : 57
Random number : 30
Random number : 11
Random number : 11
Random number : 68
Random number : 49
Random number : 210
Random number : 191
Random number : 191
Random number : 248
Random number : 229
Random number : 133
Random number : 114
Random number : 114
Random number : 172
Random number : 152
Random number : 156
Random number : 156
Random number : 137
Random number : 194
Random number : 175
Random number : 175
Random number : 80
Random number : 61
Random number : 118
Random number : 99
Random number : 3
Random number : 240
Random number : 240
Random number : 42
Random number : 22
Random number : 183
Random number : 183
Random number : 164
Random number : 221
Random number : 202
Random number : 202
Random number : 7
Random number : 244
Random number : 46
Random number : 46
Random number : 26
Random number : 187
Random number : 187
Random number : 168
Random number : 225
Random number : 206
Random number : 111
Random number : 111
Random number : 91
Random number : 149
Random number : 130
Random number : 130
Random number : 34
Random number : 15
Random number : 72
Random number : 72
Random number : 53
Random number : 57
Random number : 38
Random number : 38
Random number : 95
Random number : 76
Random number : 237
Random number : 237
Random number : 217
Random number : 19
Random number : 256
Random number : 160
Random number : 160
Random number : 141
Random number : 198
Random number : 198
Random number : 179
Random number : 122
Random number : 103
Random number : 87
Random number : 87
Random number : 68
Random number : 126
Random number : 107
Random number : 107
Random number : 11
Random number : 248
Random number : 49
Random number : 30
Random number : 30
Random number : 191
Random number : 172
Random number : 172
Random number : 229
Random number : 210
Random number : 114
Random number : 95
Random number : 95
Random number : 152
Random number : 133
Random number : 137
Random number : 118
Random number : 118
Random number : 175
Random number : 156
Random number : 156
Random number : 61
Random number : 42
Random number : 99
Random number : 99
Random number : 80
Random number : 240
Random number : 221
Random number : 221
Random number : 3
Random number : 3
Random number : 164
Random number : 145
Random number : 202
Random number : 202
Random number : 7
Random number : 149
Random number : 206
Random number : 206
Random number : 187
Random number : 91
Random number : 72
Random number : 72
Random number : 130
Random number : 111
Random number : 111
Random number : 15
Random number : 252
Random number : 53
Random number : 34
Random number : 34
Random number : 38
Random number : 19
Random number : 76
Random number : 76
Random number : 57
Random number : 217
Random number : 198
Random number : 198
Random number : 256
Random number : 237
Random number : 237
Random number : 141
Random number : 122
Random number : 179
Random number : 179
Random number : 160
Random number : 65
Random number : 50
Random number : 50
Random number : 88
Random number : 248
Random number : 229
Random number : 30
Random number : 30
Random number : 11
Random number : 172
Random number : 153
Random number : 153
Random number : 210
Random number : 191
Random number : 195
Random number : 195
Random number : 176
Random number : 233
Random number : 233
Random number : 214
Random number : 118
Random number : 99
Random number : 99
Random number : 156
Random number : 137
Random number : 137
Random number : 42
Random number : 23
Random number : 23
Random number : 80
Random number : 61
Random number : 221
Random number : 221
Random number : 202
Random number : 4
Random number : 4
Random number : 241
Random number : 46
Random number : 27
Random number : 84
Random number : 84
Random number : 65
Random number : 225
Random number : 225
Random number : 206
Random number : 8
Random number : 8
Random number : 245
Random number : 149
Random number : 149
Random number : 130
Random number : 187
Random number : 168
Random number : 111
Random number : 95
Random number : 38
Random number : 240
Random number : 240
Random number : 221
Random number : 125
Random number : 125
Random number : 106
Random number : 163
Random number : 163
Random number : 144
Random number : 144
Random number : 49
Random number : 30
Random number : 87
Random number : 87
Random number : 68
Random number : 129
Random number : 129
Random number : 110
Random number : 110
Random number : 167
Random number : 148
Random number : 53
Random number : 53
Random number : 34
Random number : 34
Random number : 91
Random number : 72
Random number : 232
Random number : 232
Random number : 213
Random number : 213
Random number : 14
Random number : 251
Random number : 251
Random number : 156
Random number : 137
Random number : 137
Random number : 194
Random number : 194
Random number : 175
Random number : 179
Random number : 160
Random number : 160
Random number : 217
Random number : 198
Random number : 198
Random number : 102
Random number : 102
Random number : 83
Random number : 140
Random number : 140
Random number : 121
Random number : 26
Random number : 26
Random number : 7
Random number : 64
Random number : 45
Random number : 45
Random number : 205
Random number : 205
Random number : 186
Random number : 244
Random number : 244
Random number : 225
Random number : 30
Random number : 11
Random number : 11
Random number : 68
Random number : 49
Random number : 49
Random number : 114
Random number : 171
Random number : 171
Random number : 152
Random number : 57
Random number : 57
Random number : 38
Random number : 95
Random number : 76
Random number : 76
Random number : 79
Random number : 79
Random number : 60
Random number : 22
Random number : 22
Random number : 164
Random number : 164
Random number : 221
Random number : 202
Random number : 202
Random number : 106
Random number : 87
Random number : 87
Random number : 144
Random number : 125
Random number : 125
Random number : 187
Random number : 187
Random number : 168
Random number : 225
Random number : 225
Random number : 34
Random number : 15
Random number : 72
Random number : 72
Random number : 53
Random number : 213
Random number : 194
Random number : 194
Random number : 252
Random number : 233
Random number : 233
Random number : 236
Random number : 217
Random number : 217
Random number : 18
Random number : 255
Random number : 255
Random number : 160
Random number : 160
Random number : 141
Random number : 198
Random number : 198
Random number : 179
Random number : 83
Random number : 83
Random number : 64
Random number : 64
Random number : 122
Random number : 103
Random number : 7
Random number : 7
Random number : 244
Random number : 244
Random number : 45
Random number : 26
Random number : 26
Random number : 113
Random number : 178
Random number : 178
Random number : 159
Random number : 159
Random number : 163
Random number : 144
Random number : 144
Random number : 201
Random number : 201
Random number : 182
Random number : 86
Random number : 86
Random number : 105
Random number : 105
Random number : 10
Random number : 247
Random number : 247
Random number : 48
Random number : 48
Random number : 29
Random number : 189
Random number : 189
Random number : 170
Random number : 170
Random number : 228
Random number : 209
Random number : 209
Random number : 14
Random number : 14
Random number : 251
Random number : 52
Random number : 136
Random number : 41
Random number : 41
Random number : 22
Random number : 22
Random number : 79
Random number : 60
Random number : 60
Random number : 63
Random number : 63
Random number : 44
Random number : 102
Random number : 102
Random number : 83
Random number : 243
Random number : 243
Random number : 224
Random number : 224
Random number : 25
Random number : 25
Random number : 6
Random number : 167
Random number : 167
Random number : 148
Random number : 148
Random number : 205
Random number : 205
Random number : 186
Random number : 90
Random number : 71
Random number : 71
Random number : 128
Random number : 128
Random number : 109
Random number : 171
Random number : 171
Random number : 152
Random number : 152
Random number : 209
Random number : 190
Random number : 190
Random number : 94
Random number : 94
Random number : 75
Random number : 132
Random number : 132
Random number : 113
Random number : 113
Random number : 18
Random number : 255
Random number : 255
Random number : 56
Random number : 37
Random number : 37
Random number : 197
Random number : 197
Random number : 178
Random number : 236
Random number : 236
Random number : 217
Random number : 217
Random number : 220
Random number : 201
Random number : 201
Random number : 2
Random number : 2
Random number : 239
Random number : 144
Random number : 144
Random number : 125
Random number : 125
Random number : 182
Random number : 182
Random number : 163
Random number : 67
Random number : 33
Random number : 79
Random number : 136
Random number : 64
Random number : 254


