--------------------------
Compile Program
--------------------------
javac RandomNumberBounds.java


--------------------------
Run Program
--------------------------
java RandomNumberBounds


--------------------------
Program Output
--------------------------


Random number : 147
Random number : 160
Random number : 214
Random number : 267
Random number : 86
Random number : 56
Random number : 233
Random number : 46
Random number : 88
Random number : 70
Random number : 286
Random number : 202
Random number : 159
Random number : 219
Random number : 184
Random number : 101
Random number : 63
Random number : 106
Random number : 284
Random number : 216
Random number : 202
Random number : 188
Random number : 84
Random number : 94
Random number : 226
Random number : 121
Random number : 234
Random number : 258
Random number : 239
Random number : 266
Random number : 219
Random number : 96
Random number : 33
Random number : 77
Random number : 238
Random number : 164
Random number : 122
Random number : 70
Random number : 275
Random number : 160
Random number : 166
Random number : 275
Random number : 214
Random number : 38
Random number : 149
Random number : 132
Random number : 249
Random number : 247
Random number : 229
Random number : 246
Random number : 159
Random number : 88
Random number : 258
Random number : 147
Random number : 64
Random number : 187
Random number : 203
Random number : 173
Random number : 179
Random number : 264
Random number : 70
Random number : 180
Random number : 93
Random number : 184
Random number : 159
Random number : 284
Random number : 92
Random number : 101
Random number : 47
Random number : 201
Random number : 276
Random number : 112
Random number : 208
Random number : 148
Random number : 56
Random number : 260
Random number : 36
Random number : 285
Random number : 178
Random number : 45
Random number : 173
Random number : 122
Random number : 87
Random number : 159
Random number : 218
Random number : 39
Random number : 100
Random number : 130
Random number : 68
Random number : 88
Random number : 49
Random number : 223
Random number : 62
Random number : 248
Random number : 81
Random number : 66
Random number : 234
Random number : 156
Random number : 164
Random number : 200
Random number : 190
Random number : 47
Random number : 106
Random number : 278
Random number : 283
Random number : 132
Random number : 157
Random number : 156
Random number : 78
Random number : 149
Random number : 282
Random number : 51
Random number : 194
Random number : 273
Random number : 48
Random number : 73
Random number : 184
Random number : 213
Random number : 73
Random number : 214
Random number : 276
Random number : 230
Random number : 42
Random number : 186
Random number : 41
Random number : 234
Random number : 80
Random number : 139
Random number : 140
Random number : 120
Random number : 106
Random number : 151
Random number : 260
Random number : 36
Random number : 224
Random number : 103
Random number : 180
Random number : 251
Random number : 153
Random number : 92
Random number : 102
Random number : 244
Random number : 247
Random number : 176
Random number : 199
Random number : 230
Random number : 255
Random number : 193
Random number : 240
Random number : 225
Random number : 90
Random number : 169
Random number : 91
Random number : 250
Random number : 137
Random number : 229
Random number : 183
Random number : 66
Random number : 62
Random number : 117
Random number : 160
Random number : 47
Random number : 79
Random number : 182
Random number : 122
Random number : 175
Random number : 266
Random number : 69
Random number : 228
Random number : 243
Random number : 34
Random number : 126
Random number : 117
Random number : 72
Random number : 105
Random number : 70
Random number : 89
Random number : 137
Random number : 245
Random number : 168
Random number : 112
Random number : 46
Random number : 262
Random number : 266
Random number : 102
Random number : 149
Random number : 40
Random number : 259
Random number : 235
Random number : 236
Random number : 190
Random number : 85
Random number : 247
Random number : 266
Random number : 260
Random number : 44
Random number : 125
Random number : 148
Random number : 266
Random number : 146
Random number : 130
Random number : 268
Random number : 245
Random number : 230
Random number : 203
Random number : 209
Random number : 254
Random number : 88
Random number : 211
Random number : 135
Random number : 89
Random number : 125
Random number : 172
Random number : 68
Random number : 287
Random number : 185
Random number : 197
Random number : 124
Random number : 212
Random number : 126
Random number : 93
Random number : 217
Random number : 221
Random number : 86
Random number : 119
Random number : 78
Random number : 161
Random number : 109
Random number : 225
Random number : 234
Random number : 137
Random number : 95
Random number : 169
Random number : 151
Random number : 66
Random number : 57
Random number : 227
Random number : 111
Random number : 257
Random number : 258
Random number : 82
Random number : 60
Random number : 123
Random number : 138
Random number : 199
Random number : 134
Random number : 119
Random number : 247
Random number : 155
Random number : 216
Random number : 150
Random number : 73
Random number : 177
Random number : 261
Random number : 262
Random number : 284
Random number : 195
Random number : 179
Random number : 65
Random number : 228
Random number : 180
Random number : 255
Random number : 250
Random number : 96
Random number : 168
Random number : 210
Random number : 142
Random number : 52
Random number : 122
Random number : 81
Random number : 262
Random number : 101
Random number : 247
Random number : 233
Random number : 243
Random number : 268
Random number : 256
Random number : 176
Random number : 194
Random number : 149
Random number : 49
Random number : 34
Random number : 60
Random number : 213
Random number : 82
Random number : 202
Random number : 43
Random number : 161
Random number : 284
Random number : 280
Random number : 210
Random number : 185
Random number : 80
Random number : 112
Random number : 281
Random number : 155
Random number : 58
Random number : 120
Random number : 223
Random number : 73
Random number : 232
Random number : 223
Random number : 189
Random number : 32
Random number : 106
Random number : 266
Random number : 273
Random number : 155
Random number : 92
Random number : 153
Random number : 178
Random number : 74
Random number : 205
Random number : 67
Random number : 283
Random number : 74
Random number : 111
Random number : 107
Random number : 60
Random number : 90
Random number : 131
Random number : 125
Random number : 52
Random number : 222
Random number : 161
Random number : 138
Random number : 169
Random number : 89
Random number : 243
Random number : 123
Random number : 286
Random number : 118
Random number : 194
Random number : 233
Random number : 253
Random number : 277
Random number : 160
Random number : 237
Random number : 150
Random number : 212
Random number : 146
Random number : 43
Random number : 91
Random number : 63
Random number : 192
Random number : 254
Random number : 286
Random number : 259
Random number : 55
Random number : 224
Random number : 206
Random number : 151
Random number : 286
Random number : 50
Random number : 138
Random number : 85
Random number : 180
Random number : 230
Random number : 116
Random number : 90
Random number : 247
Random number : 276
Random number : 198
Random number : 97
Random number : 175
Random number : 276
Random number : 281
Random number : 105
Random number : 218
Random number : 130
Random number : 173
Random number : 65
Random number : 55
Random number : 164
Random number : 205
Random number : 230
Random number : 191
Random number : 143
Random number : 261
Random number : 69
Random number : 82
Random number : 232
Random number : 273
Random number : 36
Random number : 221
Random number : 78
Random number : 212
Random number : 188
Random number : 127
Random number : 68
Random number : 137
Random number : 67
Random number : 239
Random number : 257
Random number : 193
Random number : 171
Random number : 134
Random number : 136
Random number : 103
Random number : 200
Random number : 236
Random number : 118
Random number : 35
Random number : 134
Random number : 39
Random number : 272
Random number : 248
Random number : 261
Random number : 113
Random number : 150
Random number : 241
Random number : 56
Random number : 156
Random number : 79
Random number : 252
Random number : 42
Random number : 89
Random number : 103
Random number : 200
Random number : 277
Random number : 241
Random number : 173
Random number : 191
Random number : 81
Random number : 55
Random number : 267
Random number : 153
Random number : 145
Random number : 170
Random number : 222
Random number : 282
Random number : 226
Random number : 190
Random number : 133
Random number : 218
Random number : 198
Random number : 52
Random number : 266
Random number : 199
Random number : 268
Random number : 70
Random number : 59
Random number : 45
Random number : 32
Random number : 35
Random number : 129
Random number : 187
Random number : 81
Random number : 249
Random number : 133
Random number : 227
Random number : 207
Random number : 56
Random number : 204
Random number : 111
Random number : 76
Random number : 86
Random number : 208
Random number : 218
Random number : 192
Random number : 162
Random number : 72
Random number : 71
Random number : 46
Random number : 272
Random number : 272
Random number : 133
Random number : 78
Random number : 269
Random number : 181
Random number : 131
Random number : 165
Random number : 136
Random number : 143
Random number : 48
Random number : 219
Random number : 98
Random number : 88
Random number : 99
Random number : 33
Random number : 88
Random number : 87
Random number : 202
Random number : 272
Random number : 79
Random number : 141
Random number : 120
Random number : 180
Random number : 175
Random number : 194
Random number : 184
Random number : 113
Random number : 248
Random number : 261
Random number : 60
Random number : 237
Random number : 126
Random number : 242
Random number : 154
Random number : 126

